Using pre-set license
Built from '2021.1/release' branch; Version is '2021.1.0f1 (61a549675243) revision 6399305'; Using compiler version '192528614'; Build Type 'Release'
OS: 'Windows 10 Home Single Language; OS build 19044.1645; Version 2009; 64bit' Language: 'es' Physical Memory: 8034 MB
BatchMode: 1, IsHumanControllingUs: 0, StartBugReporterOnCrash: 0, Is64bit: 1, IsPro: 0

 COMMAND LINE ARGUMENTS:
D:\Todo unity\Unity hub motores\2021.1.0f1\Editor\Unity.exe
-adb2
-batchMode
-noUpm
-name
AssetImportWorker5
-projectPath
D:/Escritorio/Unity/ImFast/Proyecto_2_FCG
-logFile
Logs/AssetImportWorker5.log
-srvPort
62533
Successfully changed project path to: D:/Escritorio/Unity/ImFast/Proyecto_2_FCG
D:/Escritorio/Unity/ImFast/Proyecto_2_FCG
Using Asset Import Pipeline V2.
Refreshing native plugins compatible for Editor in 204.44 ms, found 2 plugins.
Preloading 0 native plugins for Editor in 0.00 ms.
Initialize engine version: 2021.1.0f1 (61a549675243)
[Subsystems] Discovering subsystems at path D:/Todo unity/Unity hub motores/2021.1.0f1/Editor/Data/Resources/UnitySubsystems
[Subsystems] Discovering subsystems at path D:/Escritorio/Unity/ImFast/Proyecto_2_FCG/Assets
GfxDevice: creating device client; threaded=0; jobified=0
Direct3D:
    Version:  Direct3D 11.0 [level 11.1]
    Renderer: NVIDIA GeForce GTX 1050 (ID=0x1c91)
    Vendor:   NVIDIA
    VRAM:     2996 MB
    Driver:   27.21.14.5730
Initialize mono
Mono path[0] = 'D:/Todo unity/Unity hub motores/2021.1.0f1/Editor/Data/Managed'
Mono path[1] = 'D:/Todo unity/Unity hub motores/2021.1.0f1/Editor/Data/MonoBleedingEdge/lib/mono/unityjit'
Mono config path = 'D:/Todo unity/Unity hub motores/2021.1.0f1/Editor/Data/MonoBleedingEdge/etc'
Using monoOptions --debugger-agent=transport=dt_socket,embedding=1,server=y,suspend=n,address=127.0.0.1:56336
Begin MonoManager ReloadAssembly
Registering precompiled unity dll's ...
Register platform support module: D:/Todo unity/Unity hub motores/2021.1.0f1/Editor/Data/PlaybackEngines/WindowsStandaloneSupport/UnityEditor.WindowsStandalone.Extensions.dll
Registered in 0.014759 seconds.
Native extension for WindowsStandalone target not found
Refreshing native plugins compatible for Editor in 193.00 ms, found 2 plugins.
Preloading 0 native plugins for Editor in 0.00 ms.
Mono: successfully reloaded assembly
- Completed reload, in  3.640 seconds
Platform modules already initialized, skipping
Registering precompiled user dll's ...
Registered in 0.012036 seconds.
Begin MonoManager ReloadAssembly
Native extension for WindowsStandalone target not found
Refreshing native plugins compatible for Editor in 115.00 ms, found 2 plugins.
Preloading 0 native plugins for Editor in 0.00 ms.
Mono: successfully reloaded assembly
- Completed reload, in  1.736 seconds
Platform modules already initialized, skipping
========================================================================
Worker process is ready to serve import requests
Launched and connected shader compiler UnityShaderCompiler.exe after 0.07 seconds
Refreshing native plugins compatible for Editor in 0.84 ms, found 2 plugins.
Preloading 0 native plugins for Editor in 0.00 ms.
Unloading 3369 Unused Serialized files (Serialized files now loaded: 0)
System memory in use before: 127.4 MB.
System memory in use after: 127.7 MB.

Unloading 24 unused Assets to reduce memory usage. Loaded Objects now: 3825.
Total: 4.613100 ms (FindLiveObjects: 0.436400 ms CreateObjectMapping: 0.317700 ms MarkObjects: 3.754900 ms  DeleteObjects: 0.102800 ms)

========================================================================
Received Prepare
Refreshing native plugins compatible for Editor in 9.00 ms, found 2 plugins.
Preloading 0 native plugins for Editor in 0.00 ms.
Unloading 10 Unused Serialized files (Serialized files now loaded: 0)
System memory in use before: 60.5 MB.
System memory in use after: 60.7 MB.

Unloading 10 unused Assets to reduce memory usage. Loaded Objects now: 3825.
Total: 3.973800 ms (FindLiveObjects: 0.415900 ms CreateObjectMapping: 0.268900 ms MarkObjects: 3.266400 ms  DeleteObjects: 0.020700 ms)

========================================================================
Received Import Request.
  path: Assets/Scenes/SampleScene.unity
  artifactKey: Guid(2cda990e2423bbf4892e6590ba056729) Importer(815301076,1909f56bfc062723c751e8b465ee728b)
Start importing Assets/Scenes/SampleScene.unity using Guid(2cda990e2423bbf4892e6590ba056729) Importer(815301076,1909f56bfc062723c751e8b465ee728b)  -> (artifact id: '14c465365e704406f36c858f87baec45') in 0.014110 seconds 
========================================================================
Received Prepare
Registering precompiled user dll's ...
Registered in 0.016998 seconds.
Begin MonoManager ReloadAssembly
Native extension for WindowsStandalone target not found
Refreshing native plugins compatible for Editor in 0.76 ms, found 2 plugins.
Preloading 0 native plugins for Editor in 0.00 ms.
Mono: successfully reloaded assembly
- Completed reload, in  2.488 seconds
Platform modules already initialized, skipping
Refreshing native plugins compatible for Editor in 0.67 ms, found 2 plugins.
Preloading 0 native plugins for Editor in 0.00 ms.
Unloading 3359 Unused Serialized files (Serialized files now loaded: 0)
System memory in use before: 127.1 MB.
System memory in use after: 127.3 MB.

Unloading 12 unused Assets to reduce memory usage. Loaded Objects now: 3829.
Total: 5.898300 ms (FindLiveObjects: 0.294100 ms CreateObjectMapping: 0.166700 ms MarkObjects: 5.338300 ms  DeleteObjects: 0.097200 ms)

========================================================================
Received Prepare
Registering precompiled user dll's ...
Registered in 0.010154 seconds.
Begin MonoManager ReloadAssembly
Native extension for WindowsStandalone target not found
Refreshing native plugins compatible for Editor in 0.68 ms, found 2 plugins.
Preloading 0 native plugins for Editor in 0.00 ms.
Mono: successfully reloaded assembly
- Completed reload, in  1.307 seconds
Platform modules already initialized, skipping
Refreshing native plugins compatible for Editor in 0.72 ms, found 2 plugins.
Preloading 0 native plugins for Editor in 0.00 ms.
Unloading 3359 Unused Serialized files (Serialized files now loaded: 0)
System memory in use before: 127.2 MB.
System memory in use after: 127.4 MB.

Unloading 12 unused Assets to reduce memory usage. Loaded Objects now: 3833.
Total: 3.235100 ms (FindLiveObjects: 0.522800 ms CreateObjectMapping: 0.305600 ms MarkObjects: 2.342000 ms  DeleteObjects: 0.063700 ms)

========================================================================
Received Import Request.
  Time since last request: 192.899431 seconds.
  path: Assets/Tile.prefab
  artifactKey: Guid(8c674fdb78a7bcd428d578ef2e924305) Importer(815301076,1909f56bfc062723c751e8b465ee728b)
Start importing Assets/Tile.prefab using Guid(8c674fdb78a7bcd428d578ef2e924305) Importer(815301076,1909f56bfc062723c751e8b465ee728b)  -> (artifact id: '74e719c36018f43f5fc528ec1daf8efd') in 0.275483 seconds 
========================================================================
Received Import Request.
  Time since last request: 117.672399 seconds.
  path: Assets/Scripts
  artifactKey: Guid(dcd14759c25b731428196e2bf061d8a6) Importer(815301076,1909f56bfc062723c751e8b465ee728b)
Start importing Assets/Scripts using Guid(dcd14759c25b731428196e2bf061d8a6) Importer(815301076,1909f56bfc062723c751e8b465ee728b)  -> (artifact id: 'ae3ee54744a17bbce526755caa5c966f') in 0.006263 seconds 
========================================================================
Received Prepare
Registering precompiled user dll's ...
Registered in 0.008830 seconds.
Begin MonoManager ReloadAssembly
Native extension for WindowsStandalone target not found
Refreshing native plugins compatible for Editor in 1.06 ms, found 2 plugins.
Preloading 0 native plugins for Editor in 0.00 ms.
Mono: successfully reloaded assembly
- Completed reload, in  1.657 seconds
Platform modules already initialized, skipping
Refreshing native plugins compatible for Editor in 0.69 ms, found 2 plugins.
Preloading 0 native plugins for Editor in 0.00 ms.
Unloading 3360 Unused Serialized files (Serialized files now loaded: 0)
System memory in use before: 130.8 MB.
System memory in use after: 131.1 MB.

Unloading 12 unused Assets to reduce memory usage. Loaded Objects now: 3845.
Total: 2.887800 ms (FindLiveObjects: 0.379900 ms CreateObjectMapping: 0.203000 ms MarkObjects: 2.286800 ms  DeleteObjects: 0.016900 ms)

========================================================================
Received Import Request.
  Time since last request: 20.795803 seconds.
  path: Assets/Scripts/NewBehaviourScript.cs
  artifactKey: Guid(44de8176d0d6acf48b6c33ede0b36a41) Importer(815301076,1909f56bfc062723c751e8b465ee728b)
Start importing Assets/Scripts/NewBehaviourScript.cs using Guid(44de8176d0d6acf48b6c33ede0b36a41) Importer(815301076,1909f56bfc062723c751e8b465ee728b)  -> (artifact id: '24f2cc146acfc4fc6b4464eed3261894') in 0.013453 seconds 
========================================================================
Received Import Request.
  Time since last request: 4.501267 seconds.
  path: Assets/Scripts/Timer.cs
  artifactKey: Guid(44de8176d0d6acf48b6c33ede0b36a41) Importer(815301076,1909f56bfc062723c751e8b465ee728b)
Start importing Assets/Scripts/Timer.cs using Guid(44de8176d0d6acf48b6c33ede0b36a41) Importer(815301076,1909f56bfc062723c751e8b465ee728b)  -> (artifact id: '3e6df024de3ea4d0890ab5bc6bbf9184') in 0.014093 seconds 
========================================================================
Received Prepare
Registering precompiled user dll's ...
Registered in 0.067709 seconds.
Begin MonoManager ReloadAssembly
Native extension for WindowsStandalone target not found
Refreshing native plugins compatible for Editor in 0.71 ms, found 2 plugins.
Preloading 0 native plugins for Editor in 0.00 ms.
Mono: successfully reloaded assembly
- Completed reload, in  1.500 seconds
Platform modules already initialized, skipping
Refreshing native plugins compatible for Editor in 1.09 ms, found 2 plugins.
Preloading 0 native plugins for Editor in 0.00 ms.
Unloading 3360 Unused Serialized files (Serialized files now loaded: 0)
System memory in use before: 130.8 MB.
System memory in use after: 131.1 MB.

Unloading 12 unused Assets to reduce memory usage. Loaded Objects now: 3849.
Total: 2.601600 ms (FindLiveObjects: 0.343900 ms CreateObjectMapping: 0.210200 ms MarkObjects: 1.988900 ms  DeleteObjects: 0.057500 ms)

========================================================================
Received Prepare
Registering precompiled user dll's ...
Registered in 0.013650 seconds.
Begin MonoManager ReloadAssembly
Native extension for WindowsStandalone target not found
Refreshing native plugins compatible for Editor in 0.80 ms, found 2 plugins.
Preloading 0 native plugins for Editor in 0.00 ms.
Mono: successfully reloaded assembly
- Completed reload, in  1.928 seconds
Platform modules already initialized, skipping
Refreshing native plugins compatible for Editor in 0.94 ms, found 2 plugins.
Preloading 0 native plugins for Editor in 0.00 ms.
Unloading 3360 Unused Serialized files (Serialized files now loaded: 0)
System memory in use before: 130.9 MB.
System memory in use after: 131.1 MB.

Unloading 12 unused Assets to reduce memory usage. Loaded Objects now: 3853.
Total: 4.021700 ms (FindLiveObjects: 0.390300 ms CreateObjectMapping: 0.256000 ms MarkObjects: 3.332800 ms  DeleteObjects: 0.041400 ms)

========================================================================
Received Prepare
Registering precompiled user dll's ...
Registered in 0.009853 seconds.
Begin MonoManager ReloadAssembly
Native extension for WindowsStandalone target not found
Refreshing native plugins compatible for Editor in 2.06 ms, found 2 plugins.
Preloading 0 native plugins for Editor in 0.00 ms.
Mono: successfully reloaded assembly
- Completed reload, in  1.945 seconds
Platform modules already initialized, skipping
Refreshing native plugins compatible for Editor in 2.18 ms, found 2 plugins.
Preloading 0 native plugins for Editor in 0.00 ms.
Unloading 3360 Unused Serialized files (Serialized files now loaded: 0)
System memory in use before: 130.9 MB.
System memory in use after: 131.1 MB.

Unloading 12 unused Assets to reduce memory usage. Loaded Objects now: 3857.
Total: 4.010300 ms (FindLiveObjects: 0.542200 ms CreateObjectMapping: 0.286900 ms MarkObjects: 3.141600 ms  DeleteObjects: 0.038000 ms)

========================================================================
Received Prepare
Registering precompiled user dll's ...
Registered in 0.008277 seconds.
Begin MonoManager ReloadAssembly
Native extension for WindowsStandalone target not found
Refreshing native plugins compatible for Editor in 1.35 ms, found 2 plugins.
Preloading 0 native plugins for Editor in 0.00 ms.
Mono: successfully reloaded assembly
- Completed reload, in  1.616 seconds
Platform modules already initialized, skipping
Refreshing native plugins compatible for Editor in 0.73 ms, found 2 plugins.
Preloading 0 native plugins for Editor in 0.00 ms.
Unloading 3360 Unused Serialized files (Serialized files now loaded: 0)
System memory in use before: 130.9 MB.
System memory in use after: 131.1 MB.

Unloading 12 unused Assets to reduce memory usage. Loaded Objects now: 3861.
Total: 3.091900 ms (FindLiveObjects: 0.473400 ms CreateObjectMapping: 0.201600 ms MarkObjects: 2.378200 ms  DeleteObjects: 0.016800 ms)

========================================================================
Received Prepare
Registering precompiled user dll's ...
Registered in 0.013651 seconds.
Begin MonoManager ReloadAssembly
Native extension for WindowsStandalone target not found
Refreshing native plugins compatible for Editor in 1.78 ms, found 2 plugins.
Preloading 0 native plugins for Editor in 0.00 ms.
Mono: successfully reloaded assembly
- Completed reload, in  1.885 seconds
Platform modules already initialized, skipping
Refreshing native plugins compatible for Editor in 2.55 ms, found 2 plugins.
Preloading 0 native plugins for Editor in 0.00 ms.
Unloading 3360 Unused Serialized files (Serialized files now loaded: 0)
System memory in use before: 130.9 MB.
System memory in use after: 131.1 MB.

Unloading 12 unused Assets to reduce memory usage. Loaded Objects now: 3865.
Total: 4.607700 ms (FindLiveObjects: 0.675000 ms CreateObjectMapping: 0.385100 ms MarkObjects: 3.487100 ms  DeleteObjects: 0.059300 ms)

========================================================================
Received Prepare
Registering precompiled user dll's ...
Registered in 0.008181 seconds.
Begin MonoManager ReloadAssembly
Native extension for WindowsStandalone target not found
Refreshing native plugins compatible for Editor in 0.80 ms, found 2 plugins.
Preloading 0 native plugins for Editor in 0.00 ms.
Mono: successfully reloaded assembly
- Completed reload, in  1.905 seconds
Platform modules already initialized, skipping
Refreshing native plugins compatible for Editor in 0.90 ms, found 2 plugins.
Preloading 0 native plugins for Editor in 0.00 ms.
Unloading 3360 Unused Serialized files (Serialized files now loaded: 0)
System memory in use before: 130.9 MB.
System memory in use after: 131.1 MB.

Unloading 12 unused Assets to reduce memory usage. Loaded Objects now: 3869.
Total: 4.170600 ms (FindLiveObjects: 0.602100 ms CreateObjectMapping: 0.396500 ms MarkObjects: 3.124300 ms  DeleteObjects: 0.045900 ms)

========================================================================
Received Import Request.
  Time since last request: 1151.761277 seconds.
  path: Assets/Scripts/GridManager.cs
  artifactKey: Guid(0df6b4bb55b4a0042a31aaee3639609a) Importer(815301076,1909f56bfc062723c751e8b465ee728b)
Start importing Assets/Scripts/GridManager.cs using Guid(0df6b4bb55b4a0042a31aaee3639609a) Importer(815301076,1909f56bfc062723c751e8b465ee728b)  -> (artifact id: 'de3e1455376c7a385c5280e34d6cee2f') in 0.009762 seconds 
========================================================================
Received Prepare
Registering precompiled user dll's ...
Registered in 0.014614 seconds.
Begin MonoManager ReloadAssembly
Native extension for WindowsStandalone target not found
Refreshing native plugins compatible for Editor in 1.54 ms, found 2 plugins.
Preloading 0 native plugins for Editor in 0.00 ms.
Mono: successfully reloaded assembly
- Completed reload, in  1.712 seconds
Platform modules already initialized, skipping
Refreshing native plugins compatible for Editor in 1.05 ms, found 2 plugins.
Preloading 0 native plugins for Editor in 0.00 ms.
Unloading 3360 Unused Serialized files (Serialized files now loaded: 0)
System memory in use before: 130.9 MB.
System memory in use after: 131.1 MB.

Unloading 12 unused Assets to reduce memory usage. Loaded Objects now: 3873.
Total: 5.953900 ms (FindLiveObjects: 0.428100 ms CreateObjectMapping: 0.317900 ms MarkObjects: 5.174500 ms  DeleteObjects: 0.031600 ms)

========================================================================
Received Prepare
Registering precompiled user dll's ...
Registered in 0.012275 seconds.
Begin MonoManager ReloadAssembly
Native extension for WindowsStandalone target not found
Refreshing native plugins compatible for Editor in 1.17 ms, found 2 plugins.
Preloading 0 native plugins for Editor in 0.00 ms.
Mono: successfully reloaded assembly
- Completed reload, in  1.824 seconds
Platform modules already initialized, skipping
Refreshing native plugins compatible for Editor in 0.97 ms, found 2 plugins.
Preloading 0 native plugins for Editor in 0.00 ms.
Unloading 3373 Unused Serialized files (Serialized files now loaded: 0)
System memory in use before: 132.7 MB.
System memory in use after: 132.3 MB.

Unloading 25 unused Assets to reduce memory usage. Loaded Objects now: 3877.
Total: 5.612400 ms (FindLiveObjects: 1.023400 ms CreateObjectMapping: 0.601000 ms MarkObjects: 3.494800 ms  DeleteObjects: 0.491400 ms)

========================================================================
Received Import Request.
  Time since last request: 179.436701 seconds.
  path: Assets/TextMesh Pro/Resources/Fonts & Materials/LiberationSans SDF - Drop Shadow.mat
  artifactKey: Guid(e73a58f6e2794ae7b1b7e50b7fb811b0) Importer(815301076,1909f56bfc062723c751e8b465ee728b)
Start importing Assets/TextMesh Pro/Resources/Fonts & Materials/LiberationSans SDF - Drop Shadow.mat using Guid(e73a58f6e2794ae7b1b7e50b7fb811b0) Importer(815301076,1909f56bfc062723c751e8b465ee728b)  -> (artifact id: 'b1bede492ee26836192c6e4eb01d6161') in 0.629983 seconds 
========================================================================
Received Import Request.
  Time since last request: 0.000526 seconds.
  path: Assets/TextMesh Pro/Resources/Fonts & Materials/LiberationSans SDF - Outline.mat
  artifactKey: Guid(79459efec17a4d00a321bdcc27bbc385) Importer(815301076,1909f56bfc062723c751e8b465ee728b)
Start importing Assets/TextMesh Pro/Resources/Fonts & Materials/LiberationSans SDF - Outline.mat using Guid(79459efec17a4d00a321bdcc27bbc385) Importer(815301076,1909f56bfc062723c751e8b465ee728b)  -> (artifact id: '84945745832c1e51db10edba69303986') in 0.120625 seconds 
========================================================================
Received Import Request.
  Time since last request: 0.000292 seconds.
  path: Assets/TextMesh Pro/Resources/Fonts & Materials/LiberationSans SDF - Fallback.asset
  artifactKey: Guid(2e498d1c8094910479dc3e1b768306a4) Importer(815301076,1909f56bfc062723c751e8b465ee728b)
Start importing Assets/TextMesh Pro/Resources/Fonts & Materials/LiberationSans SDF - Fallback.asset using Guid(2e498d1c8094910479dc3e1b768306a4) Importer(815301076,1909f56bfc062723c751e8b465ee728b)  -> (artifact id: '5b3656c08bb076f182532508a4852abf') in 0.128135 seconds 
========================================================================
Received Import Request.
  Time since last request: 0.000396 seconds.
  path: Assets/TextMesh Pro/Resources/Fonts & Materials/LiberationSans SDF.asset
  artifactKey: Guid(8f586378b4e144a9851e7b34d9b748ee) Importer(815301076,1909f56bfc062723c751e8b465ee728b)
Start importing Assets/TextMesh Pro/Resources/Fonts & Materials/LiberationSans SDF.asset using Guid(8f586378b4e144a9851e7b34d9b748ee) Importer(815301076,1909f56bfc062723c751e8b465ee728b)  -> (artifact id: '3f4fd5d71775aab4f852abd4fedaf5ac') in 0.072784 seconds 
========================================================================
Received Prepare
Registering precompiled user dll's ...
Registered in 0.010176 seconds.
Begin MonoManager ReloadAssembly
Native extension for WindowsStandalone target not found
Refreshing native plugins compatible for Editor in 1.12 ms, found 2 plugins.
Preloading 0 native plugins for Editor in 0.00 ms.
Mono: successfully reloaded assembly
- Completed reload, in  1.792 seconds
Platform modules already initialized, skipping
Refreshing native plugins compatible for Editor in 1.63 ms, found 2 plugins.
Preloading 0 native plugins for Editor in 0.00 ms.
Unloading 3375 Unused Serialized files (Serialized files now loaded: 0)
System memory in use before: 134.9 MB.
System memory in use after: 134.5 MB.

Unloading 24 unused Assets to reduce memory usage. Loaded Objects now: 3949.
Total: 4.900000 ms (FindLiveObjects: 0.508900 ms CreateObjectMapping: 0.292300 ms MarkObjects: 3.315100 ms  DeleteObjects: 0.781800 ms)

========================================================================
Received Prepare
Registering precompiled user dll's ...
Registered in 0.009000 seconds.
Begin MonoManager ReloadAssembly
Native extension for WindowsStandalone target not found
Refreshing native plugins compatible for Editor in 2.53 ms, found 2 plugins.
Preloading 0 native plugins for Editor in 0.00 ms.
Mono: successfully reloaded assembly
- Completed reload, in  2.143 seconds
Platform modules already initialized, skipping
Refreshing native plugins compatible for Editor in 1.34 ms, found 2 plugins.
Preloading 0 native plugins for Editor in 0.00 ms.
Unloading 3372 Unused Serialized files (Serialized files now loaded: 0)
System memory in use before: 134.7 MB.
System memory in use after: 134.4 MB.

Unloading 24 unused Assets to reduce memory usage. Loaded Objects now: 3953.
Total: 5.629800 ms (FindLiveObjects: 1.490000 ms CreateObjectMapping: 0.491000 ms MarkObjects: 3.273000 ms  DeleteObjects: 0.374400 ms)

========================================================================
Received Prepare
Registering precompiled user dll's ...
Registered in 0.009230 seconds.
Begin MonoManager ReloadAssembly
Native extension for WindowsStandalone target not found
Refreshing native plugins compatible for Editor in 1.22 ms, found 2 plugins.
Preloading 0 native plugins for Editor in 0.00 ms.
Mono: successfully reloaded assembly
- Completed reload, in  1.968 seconds
Platform modules already initialized, skipping
Refreshing native plugins compatible for Editor in 0.70 ms, found 2 plugins.
Preloading 0 native plugins for Editor in 0.00 ms.
Unloading 3372 Unused Serialized files (Serialized files now loaded: 0)
System memory in use before: 134.8 MB.
System memory in use after: 134.4 MB.

Unloading 24 unused Assets to reduce memory usage. Loaded Objects now: 3957.
Total: 3.525400 ms (FindLiveObjects: 0.505800 ms CreateObjectMapping: 0.358000 ms MarkObjects: 2.342800 ms  DeleteObjects: 0.317800 ms)

========================================================================
Received Prepare
Registering precompiled user dll's ...
Registered in 0.011150 seconds.
Begin MonoManager ReloadAssembly
Native extension for WindowsStandalone target not found
Refreshing native plugins compatible for Editor in 0.72 ms, found 2 plugins.
Preloading 0 native plugins for Editor in 0.00 ms.
Mono: successfully reloaded assembly
- Completed reload, in  1.529 seconds
Platform modules already initialized, skipping
Refreshing native plugins compatible for Editor in 0.73 ms, found 2 plugins.
Preloading 0 native plugins for Editor in 0.00 ms.
Unloading 3372 Unused Serialized files (Serialized files now loaded: 0)
System memory in use before: 134.8 MB.
System memory in use after: 134.5 MB.

Unloading 24 unused Assets to reduce memory usage. Loaded Objects now: 3961.
Total: 3.198800 ms (FindLiveObjects: 0.555600 ms CreateObjectMapping: 0.233100 ms MarkObjects: 2.120700 ms  DeleteObjects: 0.288200 ms)

========================================================================
Received Prepare
Registering precompiled user dll's ...
Registered in 0.013602 seconds.
Begin MonoManager ReloadAssembly
Native extension for WindowsStandalone target not found
Refreshing native plugins compatible for Editor in 0.84 ms, found 2 plugins.
Preloading 0 native plugins for Editor in 0.00 ms.
Mono: successfully reloaded assembly
- Completed reload, in  1.647 seconds
Platform modules already initialized, skipping
Refreshing native plugins compatible for Editor in 0.72 ms, found 2 plugins.
Preloading 0 native plugins for Editor in 0.00 ms.
Unloading 3372 Unused Serialized files (Serialized files now loaded: 0)
System memory in use before: 134.8 MB.
System memory in use after: 134.5 MB.

Unloading 24 unused Assets to reduce memory usage. Loaded Objects now: 3965.
Total: 4.982400 ms (FindLiveObjects: 0.386600 ms CreateObjectMapping: 0.214500 ms MarkObjects: 4.009600 ms  DeleteObjects: 0.370300 ms)

========================================================================
Received Prepare
Registering precompiled user dll's ...
Registered in 0.007183 seconds.
Begin MonoManager ReloadAssembly
Native extension for WindowsStandalone target not found
Refreshing native plugins compatible for Editor in 1.23 ms, found 2 plugins.
Preloading 0 native plugins for Editor in 0.00 ms.
Mono: successfully reloaded assembly
- Completed reload, in  1.754 seconds
Platform modules already initialized, skipping
Refreshing native plugins compatible for Editor in 0.72 ms, found 2 plugins.
Preloading 0 native plugins for Editor in 0.00 ms.
Unloading 3372 Unused Serialized files (Serialized files now loaded: 0)
System memory in use before: 134.8 MB.
System memory in use after: 134.5 MB.

Unloading 24 unused Assets to reduce memory usage. Loaded Objects now: 3969.
Total: 3.325100 ms (FindLiveObjects: 0.478700 ms CreateObjectMapping: 0.210700 ms MarkObjects: 2.351100 ms  DeleteObjects: 0.283300 ms)

========================================================================
Received Prepare
Registering precompiled user dll's ...
Registered in 0.008199 seconds.
Begin MonoManager ReloadAssembly
Native extension for WindowsStandalone target not found
Refreshing native plugins compatible for Editor in 0.78 ms, found 2 plugins.
Preloading 0 native plugins for Editor in 0.00 ms.
Mono: successfully reloaded assembly
- Completed reload, in  1.598 seconds
Platform modules already initialized, skipping
Refreshing native plugins compatible for Editor in 0.83 ms, found 2 plugins.
Preloading 0 native plugins for Editor in 0.00 ms.
Unloading 3372 Unused Serialized files (Serialized files now loaded: 0)
System memory in use before: 134.8 MB.
System memory in use after: 134.5 MB.

Unloading 24 unused Assets to reduce memory usage. Loaded Objects now: 3973.
Total: 3.725400 ms (FindLiveObjects: 0.531300 ms CreateObjectMapping: 0.252900 ms MarkObjects: 2.645000 ms  DeleteObjects: 0.295100 ms)

========================================================================
Received Prepare
Registering precompiled user dll's ...
Registered in 0.007448 seconds.
Begin MonoManager ReloadAssembly
Native extension for WindowsStandalone target not found
Refreshing native plugins compatible for Editor in 0.71 ms, found 2 plugins.
Preloading 0 native plugins for Editor in 0.00 ms.
Mono: successfully reloaded assembly
- Completed reload, in  1.605 seconds
Platform modules already initialized, skipping
Refreshing native plugins compatible for Editor in 0.74 ms, found 2 plugins.
Preloading 0 native plugins for Editor in 0.00 ms.
Unloading 3372 Unused Serialized files (Serialized files now loaded: 0)
System memory in use before: 134.8 MB.
System memory in use after: 134.5 MB.

Unloading 24 unused Assets to reduce memory usage. Loaded Objects now: 3977.
Total: 3.145200 ms (FindLiveObjects: 0.396700 ms CreateObjectMapping: 0.198800 ms MarkObjects: 2.257900 ms  DeleteObjects: 0.290300 ms)

========================================================================
Received Prepare
Registering precompiled user dll's ...
Registered in 0.010308 seconds.
Begin MonoManager ReloadAssembly
Native extension for WindowsStandalone target not found
Refreshing native plugins compatible for Editor in 0.79 ms, found 2 plugins.
Preloading 0 native plugins for Editor in 0.00 ms.
Mono: successfully reloaded assembly
- Completed reload, in  1.617 seconds
Platform modules already initialized, skipping
Refreshing native plugins compatible for Editor in 1.01 ms, found 2 plugins.
Preloading 0 native plugins for Editor in 0.00 ms.
Unloading 3372 Unused Serialized files (Serialized files now loaded: 0)
System memory in use before: 134.8 MB.
System memory in use after: 134.5 MB.

Unloading 24 unused Assets to reduce memory usage. Loaded Objects now: 3981.
Total: 3.770100 ms (FindLiveObjects: 0.531100 ms CreateObjectMapping: 0.241100 ms MarkObjects: 2.695900 ms  DeleteObjects: 0.300700 ms)

