Using pre-set license
Built from '2021.1/release' branch; Version is '2021.1.0f1 (61a549675243) revision 6399305'; Using compiler version '192528614'; Build Type 'Release'
OS: 'Windows 10 Home Single Language; OS build 22000.613; Version 2009; 64bit' Language: 'es' Physical Memory: 7881 MB
BatchMode: 1, IsHumanControllingUs: 0, StartBugReporterOnCrash: 0, Is64bit: 1, IsPro: 0

 COMMAND LINE ARGUMENTS:
C:\Program Files\Unity 2021.1.0f1\Editor\Unity.exe
-adb2
-batchMode
-noUpm
-name
AssetImportWorker0
-projectPath
C:/Users/diego/OneDrive/Desktop/Entregable2FUN
-logFile
Logs/AssetImportWorker0.log
-srvPort
56797
Successfully changed project path to: C:/Users/diego/OneDrive/Desktop/Entregable2FUN
C:/Users/diego/OneDrive/Desktop/Entregable2FUN
Using Asset Import Pipeline V2.
Refreshing native plugins compatible for Editor in 233.06 ms, found 2 plugins.
Preloading 0 native plugins for Editor in 0.00 ms.
Initialize engine version: 2021.1.0f1 (61a549675243)
[Subsystems] Discovering subsystems at path C:/Program Files/Unity 2021.1.0f1/Editor/Data/Resources/UnitySubsystems
[Subsystems] Discovering subsystems at path C:/Users/diego/OneDrive/Desktop/Entregable2FUN/Assets
GfxDevice: creating device client; threaded=0; jobified=0
Direct3D:
    Version:  Direct3D 11.0 [level 11.1]
    Renderer: Intel(R) UHD Graphics (ID=0x8a56)
    Vendor:   Intel
    VRAM:     3940 MB
    Driver:   27.20.100.9664
Initialize mono
Mono path[0] = 'C:/Program Files/Unity 2021.1.0f1/Editor/Data/Managed'
Mono path[1] = 'C:/Program Files/Unity 2021.1.0f1/Editor/Data/MonoBleedingEdge/lib/mono/unityjit'
Mono config path = 'C:/Program Files/Unity 2021.1.0f1/Editor/Data/MonoBleedingEdge/etc'
Using monoOptions --debugger-agent=transport=dt_socket,embedding=1,server=y,suspend=n,address=127.0.0.1:56716
Begin MonoManager ReloadAssembly
Registering precompiled unity dll's ...
Register platform support module: C:/Program Files/Unity 2021.1.0f1/Editor/Data/PlaybackEngines/WindowsStandaloneSupport/UnityEditor.WindowsStandalone.Extensions.dll
Registered in 0.002382 seconds.
Native extension for WindowsStandalone target not found
Refreshing native plugins compatible for Editor in 158.35 ms, found 2 plugins.
Preloading 0 native plugins for Editor in 0.00 ms.
Mono: successfully reloaded assembly
- Completed reload, in  2.168 seconds
Platform modules already initialized, skipping
Registering precompiled user dll's ...
Registered in 0.013523 seconds.
Begin MonoManager ReloadAssembly
Native extension for WindowsStandalone target not found
Refreshing native plugins compatible for Editor in 305.33 ms, found 2 plugins.
Preloading 0 native plugins for Editor in 0.00 ms.
Mono: successfully reloaded assembly
- Completed reload, in  2.164 seconds
Platform modules already initialized, skipping
========================================================================
Worker process is ready to serve import requests
Launched and connected shader compiler UnityShaderCompiler.exe after 0.10 seconds
Refreshing native plugins compatible for Editor in 0.61 ms, found 2 plugins.
Preloading 0 native plugins for Editor in 0.00 ms.
Unloading 3369 Unused Serialized files (Serialized files now loaded: 0)
System memory in use before: 127.5 MB.
System memory in use after: 127.7 MB.

Unloading 24 unused Assets to reduce memory usage. Loaded Objects now: 3825.
Total: 3.187700 ms (FindLiveObjects: 0.522100 ms CreateObjectMapping: 0.205600 ms MarkObjects: 2.383800 ms  DeleteObjects: 0.073900 ms)

========================================================================
Received Import Request.
  path: Assets/Scripts/moleMovement.cs
  artifactKey: Guid(212f4868a675fc34996f2148bdc05a09) Importer(815301076,1909f56bfc062723c751e8b465ee728b)
Start importing Assets/Scripts/moleMovement.cs using Guid(212f4868a675fc34996f2148bdc05a09) Importer(815301076,1909f56bfc062723c751e8b465ee728b)  -> (artifact id: 'd2b76749d9934954b8bcb92f43d96800') in 0.049484 seconds 
========================================================================
Received Prepare
Registering precompiled user dll's ...
Registered in 0.007533 seconds.
Begin MonoManager ReloadAssembly
Native extension for WindowsStandalone target not found
Refreshing native plugins compatible for Editor in 2.95 ms, found 2 plugins.
Preloading 0 native plugins for Editor in 0.00 ms.
Mono: successfully reloaded assembly
- Completed reload, in  1.581 seconds
Platform modules already initialized, skipping
Refreshing native plugins compatible for Editor in 2.15 ms, found 2 plugins.
Preloading 0 native plugins for Editor in 0.00 ms.
Unloading 3359 Unused Serialized files (Serialized files now loaded: 0)
System memory in use before: 127.2 MB.
System memory in use after: 127.4 MB.

Unloading 12 unused Assets to reduce memory usage. Loaded Objects now: 3829.
Total: 4.409600 ms (FindLiveObjects: 0.692900 ms CreateObjectMapping: 0.246600 ms MarkObjects: 3.436700 ms  DeleteObjects: 0.031000 ms)

========================================================================
Received Import Request.
  Time since last request: 124.892130 seconds.
  path: Assets/Animations/hero/hero-walk-front-1.controller
  artifactKey: Guid(3112993f63d4a2d428f80a6ab56f24cb) Importer(815301076,1909f56bfc062723c751e8b465ee728b)
Start importing Assets/Animations/hero/hero-walk-front-1.controller using Guid(3112993f63d4a2d428f80a6ab56f24cb) Importer(815301076,1909f56bfc062723c751e8b465ee728b)  -> (artifact id: 'b944d1755ede19d544941e029f766201') in 0.059929 seconds 
========================================================================
Received Prepare
Registering precompiled user dll's ...
Registered in 0.005610 seconds.
Begin MonoManager ReloadAssembly
Native extension for WindowsStandalone target not found
Refreshing native plugins compatible for Editor in 0.82 ms, found 2 plugins.
Preloading 0 native plugins for Editor in 0.00 ms.
Mono: successfully reloaded assembly
- Completed reload, in  2.389 seconds
Platform modules already initialized, skipping
Refreshing native plugins compatible for Editor in 0.70 ms, found 2 plugins.
Preloading 0 native plugins for Editor in 0.00 ms.
Unloading 3359 Unused Serialized files (Serialized files now loaded: 0)
System memory in use before: 127.2 MB.
System memory in use after: 127.5 MB.

Unloading 12 unused Assets to reduce memory usage. Loaded Objects now: 3833.
Total: 3.957900 ms (FindLiveObjects: 0.465700 ms CreateObjectMapping: 0.401900 ms MarkObjects: 3.052600 ms  DeleteObjects: 0.035300 ms)

========================================================================
Received Prepare
Registering precompiled user dll's ...
Registered in 0.004951 seconds.
Begin MonoManager ReloadAssembly
Native extension for WindowsStandalone target not found
Refreshing native plugins compatible for Editor in 1.79 ms, found 2 plugins.
Preloading 0 native plugins for Editor in 0.00 ms.
Mono: successfully reloaded assembly
- Completed reload, in  2.860 seconds
Platform modules already initialized, skipping
Refreshing native plugins compatible for Editor in 1.69 ms, found 2 plugins.
Preloading 0 native plugins for Editor in 0.00 ms.
Unloading 3359 Unused Serialized files (Serialized files now loaded: 0)
System memory in use before: 127.3 MB.
System memory in use after: 127.5 MB.

Unloading 12 unused Assets to reduce memory usage. Loaded Objects now: 3837.
Total: 6.645200 ms (FindLiveObjects: 2.117500 ms CreateObjectMapping: 0.396000 ms MarkObjects: 4.095800 ms  DeleteObjects: 0.032900 ms)

========================================================================
Received Prepare
Registering precompiled user dll's ...
Registered in 0.005078 seconds.
Begin MonoManager ReloadAssembly
Native extension for WindowsStandalone target not found
Refreshing native plugins compatible for Editor in 1.00 ms, found 2 plugins.
Preloading 0 native plugins for Editor in 0.00 ms.
Mono: successfully reloaded assembly
- Completed reload, in  2.598 seconds
Platform modules already initialized, skipping
Refreshing native plugins compatible for Editor in 1.16 ms, found 2 plugins.
Preloading 0 native plugins for Editor in 0.00 ms.
Unloading 3359 Unused Serialized files (Serialized files now loaded: 0)
System memory in use before: 127.3 MB.
System memory in use after: 127.5 MB.

Unloading 12 unused Assets to reduce memory usage. Loaded Objects now: 3841.
Total: 5.740300 ms (FindLiveObjects: 1.470700 ms CreateObjectMapping: 0.233600 ms MarkObjects: 3.999300 ms  DeleteObjects: 0.034400 ms)

========================================================================
Received Prepare
Registering precompiled user dll's ...
Registered in 0.007122 seconds.
Begin MonoManager ReloadAssembly
Native extension for WindowsStandalone target not found
Refreshing native plugins compatible for Editor in 2.74 ms, found 2 plugins.
Preloading 0 native plugins for Editor in 0.00 ms.
Mono: successfully reloaded assembly
- Completed reload, in  1.616 seconds
Platform modules already initialized, skipping
Refreshing native plugins compatible for Editor in 0.72 ms, found 2 plugins.
Preloading 0 native plugins for Editor in 0.00 ms.
Unloading 3359 Unused Serialized files (Serialized files now loaded: 0)
System memory in use before: 127.3 MB.
System memory in use after: 127.5 MB.

Unloading 12 unused Assets to reduce memory usage. Loaded Objects now: 3845.
Total: 3.613600 ms (FindLiveObjects: 0.507800 ms CreateObjectMapping: 0.430000 ms MarkObjects: 2.604100 ms  DeleteObjects: 0.069600 ms)

========================================================================
Received Prepare
Registering precompiled user dll's ...
Registered in 0.005216 seconds.
Begin MonoManager ReloadAssembly
Native extension for WindowsStandalone target not found
Refreshing native plugins compatible for Editor in 1.33 ms, found 2 plugins.
Preloading 0 native plugins for Editor in 0.00 ms.
Mono: successfully reloaded assembly
- Completed reload, in  2.602 seconds
Platform modules already initialized, skipping
Refreshing native plugins compatible for Editor in 0.62 ms, found 2 plugins.
Preloading 0 native plugins for Editor in 0.00 ms.
Unloading 3359 Unused Serialized files (Serialized files now loaded: 0)
System memory in use before: 127.3 MB.
System memory in use after: 127.5 MB.

Unloading 12 unused Assets to reduce memory usage. Loaded Objects now: 3849.
Total: 3.439200 ms (FindLiveObjects: 0.362700 ms CreateObjectMapping: 0.201100 ms MarkObjects: 2.813100 ms  DeleteObjects: 0.059700 ms)

========================================================================
Received Import Request.
  Time since last request: 665.721836 seconds.
  path: Assets/Tile.prefab
  artifactKey: Guid(8c674fdb78a7bcd428d578ef2e924305) Importer(815301076,1909f56bfc062723c751e8b465ee728b)
Start importing Assets/Tile.prefab using Guid(8c674fdb78a7bcd428d578ef2e924305) Importer(815301076,1909f56bfc062723c751e8b465ee728b)  -> (artifact id: '74e719c36018f43f5fc528ec1daf8efd') in 0.409346 seconds 
========================================================================
Received Prepare
Registering precompiled user dll's ...
Registered in 0.008378 seconds.
Begin MonoManager ReloadAssembly
Native extension for WindowsStandalone target not found
Refreshing native plugins compatible for Editor in 0.98 ms, found 2 plugins.
Preloading 0 native plugins for Editor in 0.00 ms.
Mono: successfully reloaded assembly
- Completed reload, in  1.807 seconds
Platform modules already initialized, skipping
Refreshing native plugins compatible for Editor in 0.62 ms, found 2 plugins.
Preloading 0 native plugins for Editor in 0.00 ms.
Unloading 3359 Unused Serialized files (Serialized files now loaded: 0)
System memory in use before: 130.9 MB.
System memory in use after: 131.2 MB.

Unloading 12 unused Assets to reduce memory usage. Loaded Objects now: 3860.
Total: 2.934800 ms (FindLiveObjects: 0.401600 ms CreateObjectMapping: 0.150400 ms MarkObjects: 2.351200 ms  DeleteObjects: 0.029100 ms)

========================================================================
Received Import Request.
  Time since last request: 93.124909 seconds.
  path: Assets/Prefabs
  artifactKey: Guid(c2fa1968fbe79bd49a7c7fd9919fca5a) Importer(815301076,1909f56bfc062723c751e8b465ee728b)
Start importing Assets/Prefabs using Guid(c2fa1968fbe79bd49a7c7fd9919fca5a) Importer(815301076,1909f56bfc062723c751e8b465ee728b)  -> (artifact id: '437dba31395f2f31ce42c49e50a3d5d7') in 0.036980 seconds 
========================================================================
Received Prepare
Registering precompiled user dll's ...
Registered in 0.006694 seconds.
Begin MonoManager ReloadAssembly
Native extension for WindowsStandalone target not found
Refreshing native plugins compatible for Editor in 0.90 ms, found 2 plugins.
Preloading 0 native plugins for Editor in 0.00 ms.
Mono: successfully reloaded assembly
- Completed reload, in  1.473 seconds
Platform modules already initialized, skipping
Refreshing native plugins compatible for Editor in 0.73 ms, found 2 plugins.
Preloading 0 native plugins for Editor in 0.00 ms.
Unloading 3359 Unused Serialized files (Serialized files now loaded: 0)
System memory in use before: 130.9 MB.
System memory in use after: 131.2 MB.

Unloading 12 unused Assets to reduce memory usage. Loaded Objects now: 3864.
Total: 4.077800 ms (FindLiveObjects: 0.591500 ms CreateObjectMapping: 0.171500 ms MarkObjects: 3.284000 ms  DeleteObjects: 0.029100 ms)

========================================================================
Received Import Request.
  Time since last request: 301.284129 seconds.
  path: Assets/Prefabs/Tile.prefab
  artifactKey: Guid(ae962489850c9e54da6c54b1bde0226f) Importer(815301076,1909f56bfc062723c751e8b465ee728b)
Start importing Assets/Prefabs/Tile.prefab using Guid(ae962489850c9e54da6c54b1bde0226f) Importer(815301076,1909f56bfc062723c751e8b465ee728b)  -> (artifact id: '55478d6d00b26560023c49af5b573578') in 0.192003 seconds 
========================================================================
Received Import Request.
  Time since last request: 50.767244 seconds.
  path: Assets/Prefabs/Tile.prefab
  artifactKey: Guid(ae962489850c9e54da6c54b1bde0226f) Importer(815301076,1909f56bfc062723c751e8b465ee728b)
Start importing Assets/Prefabs/Tile.prefab using Guid(ae962489850c9e54da6c54b1bde0226f) Importer(815301076,1909f56bfc062723c751e8b465ee728b)  -> (artifact id: 'c8cd69fffcd13ad05fafa052025472c5') in 0.072423 seconds 
========================================================================
Received Import Request.
  Time since last request: 0.898679 seconds.
  path: Assets/Prefabs/Tile.prefab
  artifactKey: Guid(ae962489850c9e54da6c54b1bde0226f) Importer(815301076,1909f56bfc062723c751e8b465ee728b)
Start importing Assets/Prefabs/Tile.prefab using Guid(ae962489850c9e54da6c54b1bde0226f) Importer(815301076,1909f56bfc062723c751e8b465ee728b)  -> (artifact id: '7c1d68556f9233ac5fc26ad11f71f1b7') in 0.063700 seconds 
========================================================================
Received Import Request.
  Time since last request: 1.189875 seconds.
  path: Assets/Prefabs/Tile.prefab
  artifactKey: Guid(ae962489850c9e54da6c54b1bde0226f) Importer(815301076,1909f56bfc062723c751e8b465ee728b)
Start importing Assets/Prefabs/Tile.prefab using Guid(ae962489850c9e54da6c54b1bde0226f) Importer(815301076,1909f56bfc062723c751e8b465ee728b)  -> (artifact id: '91c1dd886454e9a529442b54f621533a') in 0.066342 seconds 
========================================================================
Received Import Request.
  Time since last request: 1.301341 seconds.
  path: Assets/Prefabs/Tile.prefab
  artifactKey: Guid(ae962489850c9e54da6c54b1bde0226f) Importer(815301076,1909f56bfc062723c751e8b465ee728b)
Start importing Assets/Prefabs/Tile.prefab using Guid(ae962489850c9e54da6c54b1bde0226f) Importer(815301076,1909f56bfc062723c751e8b465ee728b)  -> (artifact id: 'a29b82ff3f172a2f76dd4516920f43fd') in 0.062644 seconds 
========================================================================
Received Import Request.
  Time since last request: 0.791864 seconds.
  path: Assets/Prefabs/Tile.prefab
  artifactKey: Guid(ae962489850c9e54da6c54b1bde0226f) Importer(815301076,1909f56bfc062723c751e8b465ee728b)
Start importing Assets/Prefabs/Tile.prefab using Guid(ae962489850c9e54da6c54b1bde0226f) Importer(815301076,1909f56bfc062723c751e8b465ee728b)  -> (artifact id: '220b00cb7089a044bf81897063ab7554') in 0.058383 seconds 
========================================================================
Received Import Request.
  Time since last request: 3.586641 seconds.
  path: Assets/Prefabs/Tile.prefab
  artifactKey: Guid(ae962489850c9e54da6c54b1bde0226f) Importer(815301076,1909f56bfc062723c751e8b465ee728b)
Start importing Assets/Prefabs/Tile.prefab using Guid(ae962489850c9e54da6c54b1bde0226f) Importer(815301076,1909f56bfc062723c751e8b465ee728b)  -> (artifact id: '388e531e7707b972454f25b5d269bb4e') in 0.058945 seconds 
========================================================================
Received Import Request.
  Time since last request: 0.790593 seconds.
  path: Assets/Prefabs/Tile.prefab
  artifactKey: Guid(ae962489850c9e54da6c54b1bde0226f) Importer(815301076,1909f56bfc062723c751e8b465ee728b)
Start importing Assets/Prefabs/Tile.prefab using Guid(ae962489850c9e54da6c54b1bde0226f) Importer(815301076,1909f56bfc062723c751e8b465ee728b)  -> (artifact id: '63a76cc3f61d66b5cd66f46a8dc5a919') in 0.025641 seconds 
========================================================================
Received Prepare
Registering precompiled user dll's ...
Registered in 0.054183 seconds.
Begin MonoManager ReloadAssembly
Native extension for WindowsStandalone target not found
Refreshing native plugins compatible for Editor in 1.02 ms, found 2 plugins.
Preloading 0 native plugins for Editor in 0.00 ms.
Mono: successfully reloaded assembly
- Completed reload, in  1.431 seconds
Platform modules already initialized, skipping
Refreshing native plugins compatible for Editor in 0.64 ms, found 2 plugins.
Preloading 0 native plugins for Editor in 0.00 ms.
Unloading 3359 Unused Serialized files (Serialized files now loaded: 0)
System memory in use before: 131.0 MB.
System memory in use after: 131.2 MB.

Unloading 12 unused Assets to reduce memory usage. Loaded Objects now: 3869.
Total: 3.061500 ms (FindLiveObjects: 0.469000 ms CreateObjectMapping: 0.182500 ms MarkObjects: 2.382100 ms  DeleteObjects: 0.026000 ms)

========================================================================
Received Import Request.
  Time since last request: 166.539350 seconds.
  path: Assets/Prefabs/Tile.prefab
  artifactKey: Guid(ae962489850c9e54da6c54b1bde0226f) Importer(815301076,1909f56bfc062723c751e8b465ee728b)
Start importing Assets/Prefabs/Tile.prefab using Guid(ae962489850c9e54da6c54b1bde0226f) Importer(815301076,1909f56bfc062723c751e8b465ee728b)  -> (artifact id: '8a23788d42f14d496e2eb38a57a76d09') in 0.138236 seconds 
========================================================================
Received Prepare
Registering precompiled user dll's ...
Registered in 0.004625 seconds.
Begin MonoManager ReloadAssembly
Native extension for WindowsStandalone target not found
Refreshing native plugins compatible for Editor in 0.87 ms, found 2 plugins.
Preloading 0 native plugins for Editor in 0.00 ms.
Mono: successfully reloaded assembly
- Completed reload, in  1.619 seconds
Platform modules already initialized, skipping
Refreshing native plugins compatible for Editor in 0.63 ms, found 2 plugins.
Preloading 0 native plugins for Editor in 0.00 ms.
Unloading 3359 Unused Serialized files (Serialized files now loaded: 0)
System memory in use before: 131.0 MB.
System memory in use after: 131.2 MB.

Unloading 12 unused Assets to reduce memory usage. Loaded Objects now: 3874.
Total: 5.487000 ms (FindLiveObjects: 0.484400 ms CreateObjectMapping: 0.995500 ms MarkObjects: 3.972300 ms  DeleteObjects: 0.032200 ms)

AssetImportWorkerClient::OnTransportError - code=2 error=End of file
